#
# A fatal error has been detected by the Java Runtime Environment:
#
#  EXCEPTION_ACCESS_VIOLATION (0xc0000005) at pc=0x0000000000000000, pid=8432, tid=2520
#
# JRE version: Java(TM) SE Runtime Environment (8.0_31-b13) (build 1.8.0_31-b13)
# Java VM: Java HotSpot(TM) 64-Bit Server VM (25.31-b07 mixed mode windows-amd64 compressed oops)
# Problematic frame:
# C  0x0000000000000000
#
# Failed to write core dump. Minidumps are not enabled by default on client versions of Windows
#
# If you would like to submit a bug report, please visit:
#   http://bugreport.java.com/bugreport/crash.jsp
# The crash happened outside the Java Virtual Machine in native code.
# See problematic frame for where to report the bug.
#

---------------  T H R E A D  ---------------

Current thread (0x0000000019721800):  JavaThread "AWT-Windows" daemon [_thread_in_native, id=2520, stack(0x000000001a400000,0x000000001a500000)]

siginfo: ExceptionCode=0xc0000005, ExceptionInformation=0x0000000000000008 0x0000000000000000

Registers:
RAX=0x000000001c7000a0, RBX=0x000000001c7ca420, RCX=0x0000000000000000, RDX=0x000000001d87ce78
RSP=0x000000001a4ff0e8, RBP=0x000000001d87ce78, RSI=0x000000001ac0e280, RDI=0x0000000000000000
R8 =0x000000001c7ca420, R9 =0x0000000000008000, R10=0x0000000000000000, R11=0x000000001a4ff200
R12=0x00007ffd1a2524e0, R13=0x0000000016ce9cd0, R14=0x0000000000000000, R15=0x00007ffd1a259a08
RIP=0x0000000000000000, EFLAGS=0x0000000000010206

Top of Stack: (sp=0x000000001a4ff0e8)
0x000000001a4ff0e8:   00007ffd1a252553 0000000000000000
0x000000001a4ff0f8:   00000cd000000000 00000000000002d8
0x000000001a4ff108:   000000005e69b5bc 000000001c934fe0
0x000000001a4ff118:   00007ffd1a254f27 0000000000000001
0x000000001a4ff128:   0000000000000000 000000001c78ca40
0x000000001a4ff138:   00007ffd1a2524e0 000000001ac0e280
0x000000001a4ff148:   000000001c7ca420 000000001c934fe8
0x000000001a4ff158:   000000001c7000a0 000000001d893468
0x000000001a4ff168:   0000000000000000 00007ffd1a254e50
0x000000001a4ff178:   00007ffd1a25f7da 000000001a4ff538
0x000000001a4ff188:   000000001c8b6328 000000001c934fe8
0x000000001a4ff198:   0000000000000000 000000001c8e9540
0x000000001a4ff1a8:   00007ffd1a271885 0000000000000000
0x000000001a4ff1b8:   00007ffd1a271360 000000001c8b2440
0x000000001a4ff1c8:   0000000019721800 0000000000000040
0x000000001a4ff1d8:   fffffffffffffffe 000000000000000e 

Instructions: (pc=0x0000000000000000)
0xffffffffffffffe0:   


Register to memory mapping:

RAX=0x000000001c7000a0 is an unknown value
RBX=0x000000001c7ca420 is an unknown value
RCX=0x0000000000000000 is an unknown value
RDX=0x000000001d87ce78 is an unknown value
RSP=0x000000001a4ff0e8 is pointing into the stack for thread: 0x0000000019721800
RBP=0x000000001d87ce78 is an unknown value
RSI=0x000000001ac0e280 is an unknown value
RDI=0x0000000000000000 is an unknown value
R8 =0x000000001c7ca420 is an unknown value
R9 =0x0000000000008000 is an unknown value
R10=0x0000000000000000 is an unknown value
R11=0x000000001a4ff200 is pointing into the stack for thread: 0x0000000019721800
R12=0x00007ffd1a2524e0 is an unknown value
R13={method} {0x0000000016ce9cd8} 'eventLoop' '()V' in 'sun/awt/windows/WToolkit'
R14=0x0000000000000000 is an unknown value
R15=0x00007ffd1a259a08 is an unknown value


Stack: [0x000000001a400000,0x000000001a500000],  sp=0x000000001a4ff0e8,  free space=1020k
Native frames: (J=compiled Java code, j=interpreted, Vv=VM code, C=native code)

Java frames: (J=compiled Java code, j=interpreted, Vv=VM code)
j  sun.awt.windows.WToolkit.eventLoop()V+0
j  sun.awt.windows.WToolkit.run()V+58
j  java.lang.Thread.run()V+11
v  ~StubRoutines::call_stub

---------------  P R O C E S S  ---------------

Java Threads: ( => current thread )
  0x000000001942a000 JavaThread "Thread-0" daemon [_thread_in_native, id=7824, stack(0x0000000021670000,0x0000000021770000)]
  0x0000000002320800 JavaThread "DestroyJavaVM" [_thread_blocked, id=1876, stack(0x0000000002220000,0x0000000002320000)]
  0x000000001d042000 JavaThread "Thread-3" [_thread_in_native, id=6284, stack(0x00000000205a0000,0x00000000206a0000)]
  0x000000001d2dc800 JavaThread "Thread-2" [_thread_blocked, id=4008, stack(0x00000000204a0000,0x00000000205a0000)]
  0x000000001cb2b000 JavaThread "AWT-EventQueue-0" [_thread_blocked, id=10564, stack(0x000000001e990000,0x000000001ea90000)]
=>0x0000000019721800 JavaThread "AWT-Windows" daemon [_thread_in_native, id=2520, stack(0x000000001a400000,0x000000001a500000)]
  0x000000001971e800 JavaThread "AWT-Shutdown" [_thread_blocked, id=9932, stack(0x000000001a300000,0x000000001a400000)]
  0x000000001971b000 JavaThread "Java2D Disposer" daemon [_thread_blocked, id=10220, stack(0x000000001a200000,0x000000001a300000)]
  0x0000000019433800 JavaThread "Service Thread" daemon [_thread_blocked, id=7384, stack(0x0000000019d80000,0x0000000019e80000)]
  0x00000000193bd000 JavaThread "C1 CompilerThread3" daemon [_thread_blocked, id=6224, stack(0x0000000019c80000,0x0000000019d80000)]
  0x00000000193b7800 JavaThread "C2 CompilerThread2" daemon [_thread_blocked, id=3480, stack(0x0000000019b80000,0x0000000019c80000)]
  0x00000000193ab800 JavaThread "C2 CompilerThread1" daemon [_thread_blocked, id=10884, stack(0x0000000019a80000,0x0000000019b80000)]
  0x00000000193a5800 JavaThread "C2 CompilerThread0" daemon [_thread_blocked, id=6108, stack(0x0000000019980000,0x0000000019a80000)]
  0x00000000193a4800 JavaThread "Attach Listener" daemon [_thread_blocked, id=6432, stack(0x0000000019880000,0x0000000019980000)]
  0x00000000193a3800 JavaThread "Signal Dispatcher" daemon [_thread_blocked, id=10960, stack(0x0000000019780000,0x0000000019880000)]
  0x0000000002416000 JavaThread "Finalizer" daemon [_thread_blocked, id=10232, stack(0x0000000019280000,0x0000000019380000)]
  0x000000001739c000 JavaThread "Reference Handler" daemon [_thread_blocked, id=6484, stack(0x0000000019180000,0x0000000019280000)]

Other Threads:
  0x0000000017398000 VMThread [stack: 0x0000000019080000,0x0000000019180000] [id=8340]
  0x0000000019445800 WatcherThread [stack: 0x0000000019e80000,0x0000000019f80000] [id=10380]

VM state:not at safepoint (normal execution)

VM Mutex/Monitor currently owned by a thread: None

Heap:
 PSYoungGen      total 291328K, used 141269K [0x00000000d5f00000, 0x00000000e9600000, 0x0000000100000000)
  eden space 266240K, 50% used [0x00000000d5f00000,0x00000000de371cd0,0x00000000e6300000)
  from space 25088K, 22% used [0x00000000e7d80000,0x00000000e83038d0,0x00000000e9600000)
  to   space 26112K, 0% used [0x00000000e6300000,0x00000000e6300000,0x00000000e7c80000)
 ParOldGen       total 87552K, used 32076K [0x0000000081c00000, 0x0000000087180000, 0x00000000d5f00000)
  object space 87552K, 36% used [0x0000000081c00000,0x0000000083b53338,0x0000000087180000)
 Metaspace       used 9058K, capacity 9242K, committed 9344K, reserved 1056768K
  class space    used 1063K, capacity 1123K, committed 1152K, reserved 1048576K

Card table byte_map: [0x00000000117e0000,0x0000000011be0000] byte_map_base: 0x00000000113d2000

Marking Bits: (ParMarkBitMap*) 0x000000005ee0d4f0
 Begin Bits: [0x0000000012690000, 0x0000000014620000)
 End Bits:   [0x0000000014620000, 0x00000000165b0000)

Polling page: 0x0000000000880000

CodeCache: size=245760Kb used=4612Kb max_used=4630Kb free=241147Kb
 bounds [0x0000000002420000, 0x00000000028b0000, 0x0000000011420000]
 total_blobs=1528 nmethods=1079 adapters=363
 compilation: enabled

Compilation events (10 events):
Event: 32.702 Thread 0x00000000193a5800 nmethod 1076 0x00000000028876d0 code [0x0000000002887900, 0x00000000028887a0]
Event: 32.785 Thread 0x00000000193b7800 nmethod 1077 0x000000000289be10 code [0x000000000289c060, 0x000000000289d5a8]
Event: 34.048 Thread 0x00000000193ab800 1079       4       net.epicarno.client.EpicarnoComp::render (230 bytes)
Event: 34.126 Thread 0x00000000193ab800 nmethod 1079 0x00000000028a3850 code [0x00000000028a3e40, 0x00000000028a7258]
Event: 34.243 Thread 0x00000000193a5800 1081       4       sun.java2d.pipe.BufferedContext::setTransform (93 bytes)
Event: 34.243 Thread 0x00000000193b7800 1080       4       sun.java2d.pipe.DrawImage::transformImage (124 bytes)
Event: 34.246 Thread 0x00000000193b7800 nmethod 1080 0x0000000002884010 code [0x00000000028841c0, 0x0000000002884590]
Event: 34.248 Thread 0x00000000193a5800 nmethod 1081 0x0000000002891010 code [0x0000000002891180, 0x0000000002891508]
Event: 40.173 Thread 0x00000000193ab800 1082       4       sun.java2d.pipe.BufferedContext::resetTransform (19 bytes)
Event: 40.177 Thread 0x00000000193ab800 nmethod 1082 0x000000000289a110 code [0x000000000289a280, 0x000000000289a528]

GC Heap History (10 events):
Event: 0.678 GC heap before
{Heap before GC invocations=2 (full 0):
 PSYoungGen      total 38400K, used 38391K [0x00000000d5f00000, 0x00000000daa00000, 0x0000000100000000)
  eden space 33280K, 100% used [0x00000000d5f00000,0x00000000d7f80000,0x00000000d7f80000)
  from space 5120K, 99% used [0x00000000d7f80000,0x00000000d847dc60,0x00000000d8480000)
  to   space 5120K, 0% used [0x00000000da500000,0x00000000da500000,0x00000000daa00000)
 ParOldGen       total 87552K, used 12952K [0x0000000081c00000, 0x0000000087180000, 0x00000000d5f00000)
  object space 87552K, 14% used [0x0000000081c00000,0x00000000828a6000,0x0000000087180000)
 Metaspace       used 7898K, capacity 8050K, committed 8320K, reserved 1056768K
  class space    used 971K, capacity 1027K, committed 1152K, reserved 1048576K
Event: 0.682 GC heap after
Heap after GC invocations=2 (full 0):
 PSYoungGen      total 71680K, used 5111K [0x00000000d5f00000, 0x00000000daa00000, 0x0000000100000000)
  eden space 66560K, 0% used [0x00000000d5f00000,0x00000000d5f00000,0x00000000da000000)
  from space 5120K, 99% used [0x00000000da500000,0x00000000da9fdc60,0x00000000daa00000)
  to   space 5120K, 0% used [0x00000000da000000,0x00000000da000000,0x00000000da500000)
 ParOldGen       total 87552K, used 14144K [0x0000000081c00000, 0x0000000087180000, 0x00000000d5f00000)
  object space 87552K, 16% used [0x0000000081c00000,0x00000000829d0000,0x0000000087180000)
 Metaspace       used 7898K, capacity 8050K, committed 8320K, reserved 1056768K
  class space    used 971K, capacity 1027K, committed 1152K, reserved 1048576K
}
Event: 1.173 GC heap before
{Heap before GC invocations=3 (full 0):
 PSYoungGen      total 71680K, used 71671K [0x00000000d5f00000, 0x00000000daa00000, 0x0000000100000000)
  eden space 66560K, 100% used [0x00000000d5f00000,0x00000000da000000,0x00000000da000000)
  from space 5120K, 99% used [0x00000000da500000,0x00000000da9fdc60,0x00000000daa00000)
  to   space 5120K, 0% used [0x00000000da000000,0x00000000da000000,0x00000000da500000)
 ParOldGen       total 87552K, used 14144K [0x0000000081c00000, 0x0000000087180000, 0x00000000d5f00000)
  object space 87552K, 16% used [0x0000000081c00000,0x00000000829d0000,0x0000000087180000)
 Metaspace       used 7898K, capacity 8050K, committed 8320K, reserved 1056768K
  class space    used 971K, capacity 1027K, committed 1152K, reserved 1048576K
Event: 1.178 GC heap after
Heap after GC invocations=3 (full 0):
 PSYoungGen      total 71680K, used 5111K [0x00000000d5f00000, 0x00000000deb00000, 0x0000000100000000)
  eden space 66560K, 0% used [0x00000000d5f00000,0x00000000d5f00000,0x00000000da000000)
  from space 5120K, 99% used [0x00000000da000000,0x00000000da4fdc60,0x00000000da500000)
  to   space 5120K, 0% used [0x00000000de600000,0x00000000de600000,0x00000000deb00000)
 ParOldGen       total 87552K, used 14208K [0x0000000081c00000, 0x0000000087180000, 0x00000000d5f00000)
  object space 87552K, 16% used [0x0000000081c00000,0x00000000829e0000,0x0000000087180000)
 Metaspace       used 7898K, capacity 8050K, committed 8320K, reserved 1056768K
  class space    used 971K, capacity 1027K, committed 1152K, reserved 1048576K
}
Event: 1.722 GC heap before
{Heap before GC invocations=4 (full 0):
 PSYoungGen      total 71680K, used 71671K [0x00000000d5f00000, 0x00000000deb00000, 0x0000000100000000)
  eden space 66560K, 100% used [0x00000000d5f00000,0x00000000da000000,0x00000000da000000)
  from space 5120K, 99% used [0x00000000da000000,0x00000000da4fdc60,0x00000000da500000)
  to   space 5120K, 0% used [0x00000000de600000,0x00000000de600000,0x00000000deb00000)
 ParOldGen       total 87552K, used 14208K [0x0000000081c00000, 0x0000000087180000, 0x00000000d5f00000)
  object space 87552K, 16% used [0x0000000081c00000,0x00000000829e0000,0x0000000087180000)
 Metaspace       used 7940K, capacity 8114K, committed 8320K, reserved 1056768K
  class space    used 974K, capacity 1027K, committed 1152K, reserved 1048576K
Event: 1.727 GC heap after
Heap after GC invocations=4 (full 0):
 PSYoungGen      total 138240K, used 5111K [0x00000000d5f00000, 0x00000000deb00000, 0x0000000100000000)
  eden space 133120K, 0% used [0x00000000d5f00000,0x00000000d5f00000,0x00000000de100000)
  from space 5120K, 99% used [0x00000000de600000,0x00000000deafdc60,0x00000000deb00000)
  to   space 5120K, 0% used [0x00000000de100000,0x00000000de100000,0x00000000de600000)
 ParOldGen       total 87552K, used 14248K [0x0000000081c00000, 0x0000000087180000, 0x00000000d5f00000)
  object space 87552K, 16% used [0x0000000081c00000,0x00000000829ea000,0x0000000087180000)
 Metaspace       used 7940K, capacity 8114K, committed 8320K, reserved 1056768K
  class space    used 974K, capacity 1027K, committed 1152K, reserved 1048576K
}
Event: 2.652 GC heap before
{Heap before GC invocations=5 (full 0):
 PSYoungGen      total 138240K, used 138231K [0x00000000d5f00000, 0x00000000deb00000, 0x0000000100000000)
  eden space 133120K, 100% used [0x00000000d5f00000,0x00000000de100000,0x00000000de100000)
  from space 5120K, 99% used [0x00000000de600000,0x00000000deafdc60,0x00000000deb00000)
  to   space 5120K, 0% used [0x00000000de100000,0x00000000de100000,0x00000000de600000)
 ParOldGen       total 87552K, used 14248K [0x0000000081c00000, 0x0000000087180000, 0x00000000d5f00000)
  object space 87552K, 16% used [0x0000000081c00000,0x00000000829ea000,0x0000000087180000)
 Metaspace       used 7959K, capacity 8114K, committed 8320K, reserved 1056768K
  class space    used 975K, capacity 1027K, committed 1152K, reserved 1048576K
Event: 2.670 GC heap after
Heap after GC invocations=5 (full 0):
 PSYoungGen      total 138240K, used 5118K [0x00000000d5f00000, 0x00000000e9800000, 0x0000000100000000)
  eden space 133120K, 0% used [0x00000000d5f00000,0x00000000d5f00000,0x00000000de100000)
  from space 5120K, 99% used [0x00000000de100000,0x00000000de5ff8b0,0x00000000de600000)
  to   space 27136K, 0% used [0x00000000e7d80000,0x00000000e7d80000,0x00000000e9800000)
 ParOldGen       total 87552K, used 32068K [0x0000000081c00000, 0x0000000087180000, 0x00000000d5f00000)
  object space 87552K, 36% used [0x0000000081c00000,0x0000000083b51338,0x0000000087180000)
 Metaspace       used 7959K, capacity 8114K, committed 8320K, reserved 1056768K
  class space    used 975K, capacity 1027K, committed 1152K, reserved 1048576K
}
Event: 8.329 GC heap before
{Heap before GC invocations=6 (full 0):
 PSYoungGen      total 138240K, used 138238K [0x00000000d5f00000, 0x00000000e9800000, 0x0000000100000000)
  eden space 133120K, 100% used [0x00000000d5f00000,0x00000000de100000,0x00000000de100000)
  from space 5120K, 99% used [0x00000000de100000,0x00000000de5ff8b0,0x00000000de600000)
  to   space 27136K, 0% used [0x00000000e7d80000,0x00000000e7d80000,0x00000000e9800000)
 ParOldGen       total 87552K, used 32068K [0x0000000081c00000, 0x0000000087180000, 0x00000000d5f00000)
  object space 87552K, 36% used [0x0000000081c00000,0x0000000083b51338,0x0000000087180000)
 Metaspace       used 8968K, capacity 9114K, committed 9344K, reserved 1056768K
  class space    used 1059K, capacity 1123K, committed 1152K, reserved 1048576K
Event: 8.338 GC heap after
Heap after GC invocations=6 (full 0):
 PSYoungGen      total 291328K, used 5646K [0x00000000d5f00000, 0x00000000e9600000, 0x0000000100000000)
  eden space 266240K, 0% used [0x00000000d5f00000,0x00000000d5f00000,0x00000000e6300000)
  from space 25088K, 22% used [0x00000000e7d80000,0x00000000e83038d0,0x00000000e9600000)
  to   space 26112K, 0% used [0x00000000e6300000,0x00000000e6300000,0x00000000e7c80000)
 ParOldGen       total 87552K, used 32076K [0x0000000081c00000, 0x0000000087180000, 0x00000000d5f00000)
  object space 87552K, 36% used [0x0000000081c00000,0x0000000083b53338,0x0000000087180000)
 Metaspace       used 8968K, capacity 9114K, committed 9344K, reserved 1056768K
  class space    used 1059K, capacity 1123K, committed 1152K, reserved 1048576K
}

Deoptimization events (10 events):
Event: 4.650 Thread 0x000000001cb2b000 Uncommon trap: reason=class_check action=maybe_recompile pc=0x00000000026d852c method=sun.java2d.pipe.DrawImage.blitSurfaceData(Lsun/java2d/SunGraphics2D;Lsun/java2d/pipe/Region;Lsun/java2d/SurfaceData;Lsun/java2d/SurfaceData;Lsun/java2d/loops/SurfaceType;3ªºä›@
Event: 4.652 Thread 0x000000001d042000 Uncommon trap: reason=null_check action=make_not_entrant pc=0x00000000026c44f0 method=sun.java2d.SurfaceData.getSourceSurfaceData(Ljava/awt/Image;ILsun/java2d/loops/CompositeType;Ljava/awt/Color;)Lsun/java2d/SurfaceData; @ 38
Event: 5.372 Thread 0x000000001cb2b000 Uncommon trap: reason=class_check action=maybe_recompile pc=0x00000000026d852c method=sun.java2d.pipe.DrawImage.blitSurfaceData(Lsun/java2d/SunGraphics2D;Lsun/java2d/pipe/Region;Lsun/java2d/SurfaceData;Lsun/java2d/SurfaceData;Lsun/java2d/loops/SurfaceType;¨Æø¹~@
Event: 5.373 Thread 0x000000001cb2b000 Uncommon trap: reason=class_check action=maybe_recompile pc=0x00000000026d852c method=sun.java2d.pipe.DrawImage.blitSurfaceData(Lsun/java2d/SunGraphics2D;Lsun/java2d/pipe/Region;Lsun/java2d/SurfaceData;Lsun/java2d/SurfaceData;Lsun/java2d/loops/SurfaceType;—µÍ‚ñ@
Event: 6.235 Thread 0x000000001d042000 Uncommon trap: reason=unreached action=reinterpret pc=0x00000000027b9a80 method=sun.java2d.d3d.D3DBlitLoops.createPackedParams(ZZZZII)I @ 36
Event: 6.329 Thread 0x000000001d042000 Uncommon trap: reason=unloaded action=reinterpret pc=0x0000000002730158 method=net.epicarno.client.world.EpicarnoL.render(Ljava/awt/Graphics;IIII)V @ 158
Event: 6.334 Thread 0x000000001d042000 Uncommon trap: reason=unloaded action=reinterpret pc=0x0000000002732658 method=net.epicarno.client.world.EpicarnoL.render(Ljava/awt/Graphics;IIII)V @ 158
Event: 13.466 Thread 0x000000001d042000 Uncommon trap: reason=unreached action=reinterpret pc=0x0000000002840274 method=net.epicarno.client.generic.TileProperties.isSolidTile([I)Z @ 13
Event: 13.466 Thread 0x000000001d042000 Uncommon trap: reason=unreached action=reinterpret pc=0x000000000273bfb4 method=net.epicarno.client.generic.TileProperties.isSolidTile([I)Z @ 13
Event: 16.207 Thread 0x000000001d042000 Uncommon trap: reason=unreached action=reinterpret pc=0x00000000028564f0 method=net.epicarno.client.generic.TileProperties.isSolidTile([I)Z @ 31

Internal exceptions (10 events):
Event: 3.472 Thread 0x0000000002320800 Exception <a 'java/lang/ArrayIndexOutOfBoundsException': 964> (0x00000000db96fd38) thrown at [C:\workspace\8-2-build-windows-amd64-cygwin\jdk8u31\2394\hotspot\src\share\vm\interpreter\interpreterRuntime.cpp, line 366]
Event: 3.472 Thread 0x0000000002320800 Exception <a 'java/lang/ArrayIndexOutOfBoundsException': 964> (0x00000000db96ff18) thrown at [C:\workspace\8-2-build-windows-amd64-cygwin\jdk8u31\2394\hotspot\src\share\vm\interpreter\interpreterRuntime.cpp, line 366]
Event: 3.522 Thread 0x0000000002320800 Exception <a 'java/security/PrivilegedActionException'> (0x00000000dbb2a8d0) thrown at [C:\workspace\8-2-build-windows-amd64-cygwin\jdk8u31\2394\hotspot\src\share\vm\prims\jvm.cpp, line 1312]
Event: 3.522 Thread 0x0000000002320800 Exception <a 'java/security/PrivilegedActionException'> (0x00000000dbb2c778) thrown at [C:\workspace\8-2-build-windows-amd64-cygwin\jdk8u31\2394\hotspot\src\share\vm\prims\jvm.cpp, line 1312]
Event: 3.523 Thread 0x0000000002320800 Exception <a 'java/security/PrivilegedActionException'> (0x00000000dbb2ec30) thrown at [C:\workspace\8-2-build-windows-amd64-cygwin\jdk8u31\2394\hotspot\src\share\vm\prims\jvm.cpp, line 1312]
Event: 3.523 Thread 0x0000000002320800 Exception <a 'java/security/PrivilegedActionException'> (0x00000000dbb322b8) thrown at [C:\workspace\8-2-build-windows-amd64-cygwin\jdk8u31\2394\hotspot\src\share\vm\prims\jvm.cpp, line 1312]
Event: 3.524 Thread 0x0000000002320800 Exception <a 'java/security/PrivilegedActionException'> (0x00000000dbb34150) thrown at [C:\workspace\8-2-build-windows-amd64-cygwin\jdk8u31\2394\hotspot\src\share\vm\prims\jvm.cpp, line 1312]
Event: 3.526 Thread 0x000000001d042000 Exception <a 'java/security/PrivilegedActionException'> (0x00000000dbe937d8) thrown at [C:\workspace\8-2-build-windows-amd64-cygwin\jdk8u31\2394\hotspot\src\share\vm\prims\jvm.cpp, line 1312]
Event: 3.526 Thread 0x000000001d042000 Exception <a 'java/security/PrivilegedActionException'> (0x00000000dbe96c38) thrown at [C:\workspace\8-2-build-windows-amd64-cygwin\jdk8u31\2394\hotspot\src\share\vm\prims\jvm.cpp, line 1312]
Event: 4.652 Thread 0x000000001d042000 Implicit null exception at 0x00000000026c41a8 to 0x00000000026c44c0

Events (10 events):
Event: 13.466 Thread 0x000000001d042000 DEOPT UNPACKING pc=0x000000000246556a sp=0x000000002069ee00 mode 2
Event: 16.207 Thread 0x000000001d042000 Uncommon trap: trap_request=0xffffffad fr.pc=0x00000000028564f0
Event: 16.207 Thread 0x000000001d042000 DEOPT PACKING pc=0x00000000028564f0 sp=0x000000002069ee40
Event: 16.207 Thread 0x000000001d042000 DEOPT UNPACKING pc=0x000000000246556a sp=0x000000002069edd0 mode 2
Event: 53.968 Thread 0x0000000019428800 Thread added: 0x0000000019428800
Event: 53.968 Thread 0x000000001942a000 Thread added: 0x000000001942a000
Event: 53.968 Thread 0x0000000019428800 Thread exited: 0x0000000019428800
Event: 53.969 Thread 0x000000001cb33000 Thread exited: 0x000000001cb33000
Event: 53.969 loading class sun/java2d/pipe/hw/AccelDeviceEventNotifier
Event: 53.969 loading class sun/java2d/pipe/hw/AccelDeviceEventNotifier done


Dynamic libraries:
0x00007ff759a10000 - 0x00007ff759a44000 	C:\Program Files\Java\jre1.8.0_31\bin\javaw.exe
0x00007ffd3ea30000 - 0x00007ffd3ebdc000 	C:\Windows\SYSTEM32\ntdll.dll
0x00007ffd3c0b0000 - 0x00007ffd3c1ee000 	C:\Windows\system32\KERNEL32.DLL
0x00007ffd3bf90000 - 0x00007ffd3c0a5000 	C:\Windows\system32\KERNELBASE.dll
0x00007ffd3a720000 - 0x00007ffd3a7ae000 	C:\Windows\system32\apphelp.dll
0x00007ffd187c0000 - 0x00007ffd18813000 	C:\Windows\AppPatch\AppPatch64\AcGenral.DLL
0x00007ffd3e140000 - 0x00007ffd3e1ea000 	C:\Windows\system32\msvcrt.dll
0x00007ffd3b950000 - 0x00007ffd3b97e000 	C:\Windows\SYSTEM32\SspiCli.dll
0x00007ffd3c660000 - 0x00007ffd3c6b4000 	C:\Windows\system32\SHLWAPI.dll
0x00007ffd3e1f0000 - 0x00007ffd3e367000 	C:\Windows\system32\USER32.dll
0x00007ffd3e3e0000 - 0x00007ffd3e574000 	C:\Windows\system32\ole32.dll
0x00007ffd3c790000 - 0x00007ffd3dca8000 	C:\Windows\system32\SHELL32.dll
0x00007ffd3b120000 - 0x00007ffd3b141000 	C:\Windows\SYSTEM32\USERENV.dll
0x00007ffd3e980000 - 0x00007ffd3ea2a000 	C:\Windows\system32\ADVAPI32.dll
0x00007ffd342b0000 - 0x00007ffd342ce000 	C:\Windows\SYSTEM32\MPR.dll
0x00007ffd3ddb0000 - 0x00007ffd3def1000 	C:\Windows\system32\RPCRT4.dll
0x00007ffd3e370000 - 0x00007ffd3e3c9000 	C:\Windows\SYSTEM32\sechost.dll
0x00007ffd3df10000 - 0x00007ffd3e121000 	C:\Windows\SYSTEM32\combase.dll
0x00007ffd3e580000 - 0x00007ffd3e6d1000 	C:\Windows\system32\GDI32.dll
0x00007ffd3bb80000 - 0x00007ffd3bb95000 	C:\Windows\SYSTEM32\profapi.dll
0x00007ffd3a0f0000 - 0x00007ffd3a1a2000 	C:\Windows\SYSTEM32\SHCORE.dll
0x00007ffd3dd70000 - 0x00007ffd3dda6000 	C:\Windows\system32\IMM32.DLL
0x00007ffd3c440000 - 0x00007ffd3c592000 	C:\Windows\system32\MSCTF.dll
0x00007ffcf8120000 - 0x00007ffcf839b000 	C:\Windows\WinSxS\amd64_microsoft.windows.common-controls_6595b64144ccf1df_6.0.9600.17784_none_624760d1ecb7236e\COMCTL32.dll
0x000000005e3b0000 - 0x000000005e482000 	C:\Program Files\Java\jre1.8.0_31\bin\msvcr100.dll
0x000000005e630000 - 0x000000005ee8a000 	C:\Program Files\Java\jre1.8.0_31\bin\server\jvm.dll
0x00007ffd18dc0000 - 0x00007ffd18dc9000 	C:\Windows\SYSTEM32\WSOCK32.dll
0x00007ffd33bb0000 - 0x00007ffd33bd2000 	C:\Windows\SYSTEM32\WINMM.dll
0x00007ffd3e130000 - 0x00007ffd3e137000 	C:\Windows\system32\PSAPI.DLL
0x00007ffd3dcb0000 - 0x00007ffd3dd0a000 	C:\Windows\system32\WS2_32.dll
0x00007ffd32a00000 - 0x00007ffd32a2a000 	C:\Windows\SYSTEM32\WINMMBASE.dll
0x00007ffd3e3d0000 - 0x00007ffd3e3d9000 	C:\Windows\system32\NSI.dll
0x00007ffd3bf40000 - 0x00007ffd3bf8f000 	C:\Windows\SYSTEM32\cfgmgr32.dll
0x00007ffd3a9a0000 - 0x00007ffd3a9c8000 	C:\Windows\SYSTEM32\DEVOBJ.dll
0x000000005f940000 - 0x000000005f94f000 	C:\Program Files\Java\jre1.8.0_31\bin\verify.dll
0x000000005e520000 - 0x000000005e548000 	C:\Program Files\Java\jre1.8.0_31\bin\java.dll
0x000000005e500000 - 0x000000005e516000 	C:\Program Files\Java\jre1.8.0_31\bin\zip.dll
0x000000005e210000 - 0x000000005e3a8000 	C:\Program Files\Java\jre1.8.0_31\bin\awt.dll
0x00007ffd3c6c0000 - 0x00007ffd3c781000 	C:\Windows\system32\OLEAUT32.dll
0x00007ffd39ef0000 - 0x00007ffd39f11000 	C:\Windows\system32\DWMAPI.DLL
0x00007ffd3a7f0000 - 0x00007ffd3a919000 	C:\Windows\system32\uxtheme.dll
0x00007ffd32280000 - 0x00007ffd322a5000 	C:\Program Files (x86)\Raptr\ltc_help64-94307.dll
0x00007ffd3bee0000 - 0x00007ffd3bf31000 	C:\Windows\system32\WINTRUST.dll
0x00007ffd3bc50000 - 0x00007ffd3be2f000 	C:\Windows\system32\CRYPT32.dll
0x00007ffd3bc30000 - 0x00007ffd3bc41000 	C:\Windows\system32\MSASN1.dll
0x00007ffd3a970000 - 0x00007ffd3a97b000 	C:\Windows\SYSTEM32\kernel.appcore.dll
0x00007ffd3ba50000 - 0x00007ffd3ba5b000 	C:\Windows\SYSTEM32\CRYPTBASE.dll
0x00007ffd3b980000 - 0x00007ffd3b9e3000 	C:\Windows\SYSTEM32\bcryptPrimitives.dll
0x00007ffd1a240000 - 0x00007ffd1a461000 	C:\Windows\system32\d3d9.dll
0x00007ffd39770000 - 0x00007ffd3977a000 	C:\Windows\SYSTEM32\VERSION.dll
0x00007ffd393e0000 - 0x00007ffd3952c000 	C:\Windows\SYSTEM32\aticfx64.dll
0x00007ffd2b930000 - 0x00007ffd2b951000 	C:\Windows\SYSTEM32\atiu9p64.dll
0x00007ffd19a40000 - 0x00007ffd1a236000 	C:\Windows\SYSTEM32\atiumd64.dll
0x000000005f040000 - 0x000000005f848000 	C:\Windows\SYSTEM32\atiumd6a.dll
0x00007ffd3bb20000 - 0x00007ffd3bb66000 	C:\Windows\SYSTEM32\POWRPROF.dll
0x000000005e1c0000 - 0x000000005e207000 	C:\Program Files\Java\jre1.8.0_31\bin\fontmanager.dll
0x00007ffd3b3f0000 - 0x00007ffd3b410000 	C:\Windows\system32\CRYPTSP.dll
0x00007ffd3b010000 - 0x00007ffd3b046000 	C:\Windows\system32\rsaenh.dll
0x00007ffd3b640000 - 0x00007ffd3b666000 	C:\Windows\SYSTEM32\bcrypt.dll
0x00007ffd3e7a0000 - 0x00007ffd3e7b6000 	C:\Windows\system32\imagehlp.dll
0x00007ffd3b610000 - 0x00007ffd3b635000 	C:\Windows\system32\ncrypt.dll
0x00007ffd3b5d0000 - 0x00007ffd3b607000 	C:\Windows\system32\NTASN1.dll
0x00007ffd3ad10000 - 0x00007ffd3ad34000 	C:\Windows\SYSTEM32\gpapi.dll
0x00007ffd2b430000 - 0x00007ffd2b469000 	C:\Windows\System32\cryptnet.dll
0x00007ffd3dd10000 - 0x00007ffd3dd6c000 	C:\Windows\system32\WLDAP32.dll
0x00007ffd36f30000 - 0x00007ffd36f5a000 	C:\Windows\SYSTEM32\IPHLPAPI.DLL
0x00007ffd36f10000 - 0x00007ffd36f1a000 	C:\Windows\SYSTEM32\WINNSI.DLL
0x00007ffd07180000 - 0x00007ffd0738f000 	C:\PROGRA~2\Raptr\ltc_game64-94307.dll
0x00007ffd35300000 - 0x00007ffd35548000 	C:\Windows\SYSTEM32\WININET.dll
0x00007ffd35550000 - 0x00007ffd35817000 	C:\Windows\SYSTEM32\iertutil.dll
0x00007ffd2c120000 - 0x00007ffd2c2aa000 	C:\Windows\SYSTEM32\dbghelp.dll

VM Arguments:
jvm_args: -Dfile.encoding=Cp1252 
java_command: net.epicarno.client.EpicarnoComp
java_class_path (initial): Z:\GameProject\2D-Java-Game\Game\bin
Launcher Type: SUN_STANDARD

Environment Variables:
PATH=C:/Program Files/Java/jre1.8.0_31/bin/server;C:/Program Files/Java/jre1.8.0_31/bin;C:/Program Files/Java/jre1.8.0_31/lib/amd64;C:\ProgramData\Oracle\Java\javapath;C:\Windows\system32;C:\Windows;C:\Windows\System32\Wbem;C:\Windows\System32\WindowsPowerShell\v1.0\;C:\Program Files (x86)\ATI Technologies\ATI.ACE\Core-Static;C:\Program Files (x86)\AMD\ATI.ACE\Core-Static;C:\Program Files (x86)\Windows Live\Shared;C:\Program Files (x86)\QuickTime\QTSystem\;D:\Folders\Downloads\eclipse;
USERNAME=Ben
OS=Windows_NT
PROCESSOR_IDENTIFIER=Intel64 Family 6 Model 60 Stepping 3, GenuineIntel



---------------  S Y S T E M  ---------------

OS: Windows 8.1 , 64 bit Build 9600 

CPU:total 8 (4 cores per cpu, 2 threads per core) family 6 model 60 stepping 3, cmov, cx8, fxsr, mmx, sse, sse2, sse3, ssse3, sse4.1, sse4.2, popcnt, avx, avx2, aes, clmul, erms, lzcnt, ht, tsc, tscinvbit, bmi1, bmi2

Memory: 4k page, physical 8269528k(1092780k free), swap 15852620k(2043388k free)

vm_info: Java HotSpot(TM) 64-Bit Server VM (25.31-b07) for windows-amd64 JRE (1.8.0_31-b13), built on Dec 17 2014 21:00:28 by "java_re" with MS VC++ 10.0 (VS2010)

time: Sat May 16 09:05:34 2015
elapsed time: 53 seconds (0d 0h 0m 53s)

